d:\dokumente\fh\master\3.semester\comp3\übung\mieccompiler\mieccompiler\mieccompiler\x64\debug\vc143.pdb
d:\dokumente\fh\master\3.semester\comp3\übung\mieccompiler\mieccompiler\mieccompiler\x64\debug\vc143.idb
d:\dokumente\fh\master\3.semester\comp3\übung\mieccompiler\mieccompiler\mieccompiler\x64\debug\scanner.obj
d:\dokumente\fh\master\3.semester\comp3\übung\mieccompiler\mieccompiler\mieccompiler\x64\debug\parser.obj
d:\dokumente\fh\master\3.semester\comp3\übung\mieccompiler\mieccompiler\mieccompiler\x64\debug\main.obj
d:\dokumente\fh\master\3.semester\comp3\übung\mieccompiler\mieccompiler\miniiec\parser.cpp
d:\dokumente\fh\master\3.semester\comp3\übung\mieccompiler\mieccompiler\miniiec\parser.h
d:\dokumente\fh\master\3.semester\comp3\übung\mieccompiler\mieccompiler\miniiec\scanner.cpp
d:\dokumente\fh\master\3.semester\comp3\übung\mieccompiler\mieccompiler\miniiec\scanner.h
d:\dokumente\fh\master\3.semester\comp3\übung\mieccompiler\mieccompiler\x64\debug\mieccompiler.exe
d:\dokumente\fh\master\3.semester\comp3\übung\mieccompiler\mieccompiler\x64\debug\mieccompiler.pdb
d:\dokumente\fh\master\3.semester\comp3\übung\mieccompiler\mieccompiler\mieccompiler\x64\debug\mieccompiler.ilk
d:\dokumente\fh\master\3.semester\comp3\übung\mieccompiler\mieccompiler\mieccompiler\x64\debug\mieccompiler.tlog\cl.command.1.tlog
d:\dokumente\fh\master\3.semester\comp3\übung\mieccompiler\mieccompiler\mieccompiler\x64\debug\mieccompiler.tlog\cl.items.tlog
d:\dokumente\fh\master\3.semester\comp3\übung\mieccompiler\mieccompiler\mieccompiler\x64\debug\mieccompiler.tlog\cl.read.1.tlog
d:\dokumente\fh\master\3.semester\comp3\übung\mieccompiler\mieccompiler\mieccompiler\x64\debug\mieccompiler.tlog\cl.write.1.tlog
d:\dokumente\fh\master\3.semester\comp3\übung\mieccompiler\mieccompiler\mieccompiler\x64\debug\mieccompiler.tlog\custombuild.command.1.tlog
d:\dokumente\fh\master\3.semester\comp3\übung\mieccompiler\mieccompiler\mieccompiler\x64\debug\mieccompiler.tlog\custombuild.read.1.tlog
d:\dokumente\fh\master\3.semester\comp3\übung\mieccompiler\mieccompiler\mieccompiler\x64\debug\mieccompiler.tlog\custombuild.write.1.tlog
d:\dokumente\fh\master\3.semester\comp3\übung\mieccompiler\mieccompiler\mieccompiler\x64\debug\mieccompiler.tlog\link.command.1.tlog
d:\dokumente\fh\master\3.semester\comp3\übung\mieccompiler\mieccompiler\mieccompiler\x64\debug\mieccompiler.tlog\link.read.1.tlog
d:\dokumente\fh\master\3.semester\comp3\übung\mieccompiler\mieccompiler\mieccompiler\x64\debug\mieccompiler.tlog\link.secondary.1.tlog
d:\dokumente\fh\master\3.semester\comp3\übung\mieccompiler\mieccompiler\mieccompiler\x64\debug\mieccompiler.tlog\link.write.1.tlog
